<?xml version="1.0" encoding="UTF-8"?>
<testng-results skipped="0" failed="0" ignored="0" total="3" passed="3">
  <reporter-output>
  </reporter-output>
  <suite name="Default suite" duration-ms="75320" started-at="2020-04-30T17:58:22 IST" finished-at="2020-04-30T17:59:38 IST">
    <groups>
    </groups>
    <test name="Default test" duration-ms="75320" started-at="2020-04-30T17:58:22 IST" finished-at="2020-04-30T17:59:38 IST">
      <class name="TestGuru99MultipleSession">
        <test-method status="PASS" signature="executSessionOne()[pri:0, instance:TestGuru99MultipleSession@a7e666]" name="executSessionOne" duration-ms="28866" started-at="2020-04-30T17:58:22 IST" finished-at="2020-04-30T17:58:51 IST">
          <reporter-output>
          </reporter-output>
        </test-method> <!-- executSessionOne -->
        <test-method status="PASS" signature="executSessionThree()[pri:0, instance:TestGuru99MultipleSession@a7e666]" name="executSessionThree" duration-ms="22659" started-at="2020-04-30T17:58:51 IST" finished-at="2020-04-30T17:59:14 IST">
          <reporter-output>
          </reporter-output>
        </test-method> <!-- executSessionThree -->
        <test-method status="PASS" signature="executeSessionTwo()[pri:0, instance:TestGuru99MultipleSession@a7e666]" name="executeSessionTwo" duration-ms="23741" started-at="2020-04-30T17:59:14 IST" finished-at="2020-04-30T17:59:38 IST">
          <reporter-output>
          </reporter-output>
        </test-method> <!-- executeSessionTwo -->
      </class> <!-- TestGuru99MultipleSession -->
    </test> <!-- Default test -->
  </suite> <!-- Default suite -->
</testng-results>
