<?xml version="1.0" encoding="UTF-8"?>
<!-- Generated by org.testng.reporters.JUnitXMLReporter -->
<testsuite hostname="MBRLT00979" ignored="0" tests="3" failures="0" timestamp="2020-04-30T17:59:38 IST" time="75.32" errors="0">
  <testcase name="executSessionOne" time="28.866" classname="TestGuru99MultipleSession"/>
  <testcase name="executSessionThree" time="22.659" classname="TestGuru99MultipleSession"/>
  <testcase name="executeSessionTwo" time="23.741" classname="TestGuru99MultipleSession"/>
</testsuite>
